[debug] [2026-02-14T07:30:17.979Z] ----------------------------------------------------------------------
[debug] [2026-02-14T07:30:17.982Z] Command:       C:\Program Files\nodejs\node.exe C:\Users\yoels\AppData\Roaming\npm\node_modules\firebase-tools\lib\bin\firebase.js deploy --only functions --debug
[debug] [2026-02-14T07:30:17.982Z] CLI Version:   15.6.0
[debug] [2026-02-14T07:30:17.982Z] Platform:      win32
[debug] [2026-02-14T07:30:17.982Z] Node Version:  v22.15.1
[debug] [2026-02-14T07:30:17.983Z] Time:          Sat Feb 14 2026 01:30:17 GMT-0600 (hora estándar central)
[debug] [2026-02-14T07:30:17.983Z] ----------------------------------------------------------------------
[debug] 
[debug] [2026-02-14T07:30:20.872Z] > command requires scopes: ["email","openid","https://www.googleapis.com/auth/cloudplatformprojects.readonly","https://www.googleapis.com/auth/firebase","https://www.googleapis.com/auth/cloud-platform"]
[debug] [2026-02-14T07:30:20.873Z] > authorizing via signed-in user (yoelskygold@gmail.com)
[debug] [2026-02-14T07:30:20.873Z] [iam] checking project ubbjtienda for permissions ["cloudfunctions.functions.create","cloudfunctions.functions.delete","cloudfunctions.functions.get","cloudfunctions.functions.list","cloudfunctions.functions.update","cloudfunctions.operations.get","firebase.projects.get"]
[debug] [2026-02-14T07:30:20.874Z] Checked if tokens are valid: true, expires at: 1771057478402
[debug] [2026-02-14T07:30:20.874Z] Checked if tokens are valid: true, expires at: 1771057478402
[debug] [2026-02-14T07:30:20.875Z] >>> [apiv2][query] POST https://cloudresourcemanager.googleapis.com/v1/projects/ubbjtienda:testIamPermissions [none]
[debug] [2026-02-14T07:30:20.875Z] >>> [apiv2][(partial)header] POST https://cloudresourcemanager.googleapis.com/v1/projects/ubbjtienda:testIamPermissions  x-goog-user-project=ubbjtienda
[debug] [2026-02-14T07:30:20.875Z] >>> [apiv2][body] POST https://cloudresourcemanager.googleapis.com/v1/projects/ubbjtienda:testIamPermissions {"permissions":["cloudfunctions.functions.create","cloudfunctions.functions.delete","cloudfunctions.functions.get","cloudfunctions.functions.list","cloudfunctions.functions.update","cloudfunctions.operations.get","firebase.projects.get"]}
[debug] [2026-02-14T07:30:21.288Z] <<< [apiv2][status] POST https://cloudresourcemanager.googleapis.com/v1/projects/ubbjtienda:testIamPermissions 200
[debug] [2026-02-14T07:30:21.288Z] <<< [apiv2][body] POST https://cloudresourcemanager.googleapis.com/v1/projects/ubbjtienda:testIamPermissions {"permissions":["cloudfunctions.functions.create","cloudfunctions.functions.delete","cloudfunctions.functions.get","cloudfunctions.functions.list","cloudfunctions.functions.update","cloudfunctions.operations.get","firebase.projects.get"]}
[debug] [2026-02-14T07:30:21.289Z] Checked if tokens are valid: true, expires at: 1771057478402
[debug] [2026-02-14T07:30:21.289Z] Checked if tokens are valid: true, expires at: 1771057478402
[debug] [2026-02-14T07:30:21.289Z] >>> [apiv2][query] POST https://iam.googleapis.com/v1/projects/ubbjtienda/serviceAccounts/ubbjtienda@appspot.gserviceaccount.com:testIamPermissions [none]
[debug] [2026-02-14T07:30:21.289Z] >>> [apiv2][body] POST https://iam.googleapis.com/v1/projects/ubbjtienda/serviceAccounts/ubbjtienda@appspot.gserviceaccount.com:testIamPermissions {"permissions":["iam.serviceAccounts.actAs"]}
[debug] [2026-02-14T07:30:21.645Z] <<< [apiv2][status] POST https://iam.googleapis.com/v1/projects/ubbjtienda/serviceAccounts/ubbjtienda@appspot.gserviceaccount.com:testIamPermissions 200
[debug] [2026-02-14T07:30:21.645Z] <<< [apiv2][body] POST https://iam.googleapis.com/v1/projects/ubbjtienda/serviceAccounts/ubbjtienda@appspot.gserviceaccount.com:testIamPermissions {"permissions":["iam.serviceAccounts.actAs"]}
[info] 
[info] === Deploying to 'ubbjtienda'...
[info] 
[info] i  deploying functions 
[debug] [2026-02-14T07:30:21.648Z] Checked if tokens are valid: true, expires at: 1771057478402
[debug] [2026-02-14T07:30:21.648Z] Checked if tokens are valid: true, expires at: 1771057478402
[debug] [2026-02-14T07:30:21.648Z] >>> [apiv2][query] GET https://cloudresourcemanager.googleapis.com/v1/projects/ubbjtienda [none]
[debug] [2026-02-14T07:30:21.742Z] <<< [apiv2][status] GET https://cloudresourcemanager.googleapis.com/v1/projects/ubbjtienda 200
[debug] [2026-02-14T07:30:21.742Z] <<< [apiv2][body] GET https://cloudresourcemanager.googleapis.com/v1/projects/ubbjtienda {"projectNumber":"156880129521","projectId":"ubbjtienda","lifecycleState":"ACTIVE","name":"ubbjtienda","labels":{"firebase":"enabled","firebase-core":"disabled"},"createTime":"2026-02-11T05:08:03.328623Z"}
[info] i  functions: preparing codebase default for deployment 
[info] i  functions: ensuring required API cloudfunctions.googleapis.com is enabled... 
[info] i  functions: ensuring required API cloudbuild.googleapis.com is enabled... 
[info] i  artifactregistry: ensuring required API artifactregistry.googleapis.com is enabled... 
[debug] [2026-02-14T07:30:21.744Z] Checked if tokens are valid: true, expires at: 1771057478402
[debug] [2026-02-14T07:30:21.744Z] Checked if tokens are valid: true, expires at: 1771057478402
[debug] [2026-02-14T07:30:21.744Z] >>> [apiv2][query] GET https://firebase.googleapis.com/v1beta1/projects/ubbjtienda/adminSdkConfig [none]
[debug] [2026-02-14T07:30:22.062Z] <<< [apiv2][status] GET https://firebase.googleapis.com/v1beta1/projects/ubbjtienda/adminSdkConfig 200
[debug] [2026-02-14T07:30:22.062Z] <<< [apiv2][body] GET https://firebase.googleapis.com/v1beta1/projects/ubbjtienda/adminSdkConfig {"projectId":"ubbjtienda","storageBucket":"ubbjtienda.firebasestorage.app"}
[debug] [2026-02-14T07:30:22.063Z] Checked if tokens are valid: true, expires at: 1771057478402
[debug] [2026-02-14T07:30:22.063Z] Checked if tokens are valid: true, expires at: 1771057478402
[debug] [2026-02-14T07:30:22.063Z] >>> [apiv2][query] GET https://runtimeconfig.googleapis.com/v1beta1/projects/ubbjtienda/configs [none]
[debug] [2026-02-14T07:30:22.363Z] <<< [apiv2][status] GET https://runtimeconfig.googleapis.com/v1beta1/projects/ubbjtienda/configs 200
[debug] [2026-02-14T07:30:22.363Z] <<< [apiv2][body] GET https://runtimeconfig.googleapis.com/v1beta1/projects/ubbjtienda/configs {}
[debug] [2026-02-14T07:30:22.364Z] Validating nodejs source
[warn] !  functions: Runtime Node.js 20 will be deprecated on 2026-04-30 and will be decommissioned on 2026-10-30, after which you will not be able to deploy without upgrading. Consider upgrading now to avoid disruption. See https://cloud.google.com/functions/docs/runtime-support for full details on the lifecycle policy 
[warn] !  functions: package.json indicates an outdated version of firebase-functions. Please upgrade using npm install --save firebase-functions@latest in your functions directory. 
[warn] !  functions: Please note that there will be breaking changes when you upgrade. 
[debug] [2026-02-14T07:30:23.499Z] > [functions] package.json contents: {
  "name": "ubbj-tienda-functions",
  "description": "Cloud Functions para notificaciones push de UBBJ Tienda",
  "scripts": {
    "serve": "firebase emulators:start --only functions",
    "shell": "firebase functions:shell",
    "start": "npm run shell",
    "deploy": "firebase deploy --only functions",
    "logs": "firebase functions:log"
  },
  "engines": {
    "node": "20"
  },
  "main": "index.js",
  "dependencies": {
    "firebase-admin": "^12.0.0",
    "firebase-functions": "^4.9.0"
  },
  "private": true
}
[debug] [2026-02-14T07:30:23.500Z] Building nodejs source
[info] i  functions: Loading and analyzing source code for codebase default to determine what to deploy 
[info] i  functions: You are using a version of firebase-functions SDK (4.9.0) that does not have support for the newest Firebase Extensions features. Please update firebase-functions SDK to >=5.1.0 to use them correctly 
[debug] [2026-02-14T07:30:23.501Z] Could not find functions.yaml. Must use http discovery
[debug] [2026-02-14T07:30:23.512Z] Found firebase-functions binary at 'C:\Users\yoels\OneDrive\Escritorio\ubbjtienda\functions\node_modules\.bin\firebase-functions'
[info] Serving at port 8884

[debug] [2026-02-14T07:30:24.518Z] Got response from /__/functions.yaml {"endpoints":{"notifyClientOnOrderUpdate":{"platform":"gcfv1","availableMemoryMb":null,"timeoutSeconds":null,"minInstances":null,"maxInstances":null,"ingressSettings":null,"serviceAccountEmail":null,"vpc":null,"eventTrigger":{"eventType":"providers/cloud.firestore/eventTypes/document.update","eventFilters":{"resource":"projects/ubbjtienda/databases/(default)/documents/compras/{purchaseId}"},"retry":false},"labels":{},"entryPoint":"notifyClientOnOrderUpdate"},"notifySellerOnNewOrder":{"platform":"gcfv1","availableMemoryMb":null,"timeoutSeconds":null,"minInstances":null,"maxInstances":null,"ingressSettings":null,"serviceAccountEmail":null,"vpc":null,"eventTrigger":{"eventType":"providers/cloud.firestore/eventTypes/document.create","eventFilters":{"resource":"projects/ubbjtienda/databases/(default)/documents/compras/{purchaseId}"},"retry":false},"labels":{},"entryPoint":"notifySellerOnNewOrder"},"notifyOnNewMessage":{"platform":"gcfv1","availableMemoryMb":null,"timeoutSeconds":null,"minInstances":null,"maxInstances":null,"ingressSettings":null,"serviceAccountEmail":null,"vpc":null,"eventTrigger":{"eventType":"providers/cloud.firestore/eventTypes/document.create","eventFilters":{"resource":"projects/ubbjtienda/databases/(default)/documents/mensajes/{messageId}"},"retry":false},"labels":{},"entryPoint":"notifyOnNewMessage"}},"specVersion":"v1alpha1","requiredAPIs":[]}
[info] i  functions: preparing functions directory for uploading... 
[info] i  functions: packaged C:\Users\yoels\OneDrive\Escritorio\ubbjtienda\functions (31.04 KB) for uploading 
[debug] [2026-02-14T07:30:28.575Z] Checked if tokens are valid: true, expires at: 1771057478402
[debug] [2026-02-14T07:30:28.575Z] Checked if tokens are valid: true, expires at: 1771057478402
[debug] [2026-02-14T07:30:28.576Z] >>> [apiv2][query] GET https://cloudfunctions.googleapis.com/v1/projects/ubbjtienda/locations/-/functions [none]
[debug] [2026-02-14T07:30:29.187Z] <<< [apiv2][status] GET https://cloudfunctions.googleapis.com/v1/projects/ubbjtienda/locations/-/functions 200
[debug] [2026-02-14T07:30:29.187Z] <<< [apiv2][body] GET https://cloudfunctions.googleapis.com/v1/projects/ubbjtienda/locations/-/functions {"functions":[{"name":"projects/ubbjtienda/locations/us-central1/functions/notifyOnNewMessage","eventTrigger":{"eventType":"providers/cloud.firestore/eventTypes/document.create","resource":"projects/ubbjtienda/databases/(default)/documents/mensajes/{messageId}","service":"firestore.googleapis.com","failurePolicy":{}},"status":"ACTIVE","entryPoint":"notifyOnNewMessage","timeout":"60s","availableMemoryMb":256,"serviceAccountEmail":"ubbjtienda@appspot.gserviceaccount.com","updateTime":"2026-02-13T02:19:02.337453198Z","versionId":"1","labels":{"deployment-tool":"cli-firebase","firebase-functions-hash":"cacb50b7147d8365a3c9d055233dabe8976596f6"},"sourceUploadUrl":"https://storage.googleapis.com/uploads-442777830868.us-central1.cloudfunctions.appspot.com/1fea7ce6-482e-41ad-b1be-02f1b989248a.zip","environmentVariables":{"FIREBASE_CONFIG":"{\"projectId\":\"ubbjtienda\",\"storageBucket\":\"ubbjtienda.firebasestorage.app\"}","GCLOUD_PROJECT":"ubbjtienda","EVENTARC_CLOUD_EVENT_SOURCE":"projects/ubbjtienda/locations/us-central1/functions/notifyOnNewMessage"},"runtime":"nodejs20","maxInstances":3000,"ingressSettings":"ALLOW_ALL","buildId":"12b6f7af-2c29-4f25-91de-8fbecd85bdf7","buildEnvironmentVariables":{"GOOGLE_NODE_RUN_SCRIPTS":""},"buildName":"projects/156880129521/locations/us-central1/builds/12b6f7af-2c29-4f25-91de-8fbecd85bdf7","dockerRegistry":"ARTIFACT_REGISTRY","automaticUpdatePolicy":{},"buildServiceAccount":"projects/ubbjtienda/serviceAccounts/156880129521-compute@developer.gserviceaccount.com","satisfiesPzi":true},{"name":"projects/ubbjtienda/locations/us-central1/functions/notifySellerOnNewOrder","eventTrigger":{"eventType":"providers/cloud.firestore/eventTypes/document.create","resource":"projects/ubbjtienda/databases/(default)/documents/compras/{purchaseId}","service":"firestore.googleapis.com","failurePolicy":{}},"status":"ACTIVE","entryPoint":"notifySellerOnNewOrder","timeout":"60s","availableMemoryMb":256,"serviceAccountEmail":"ubbjtienda@appspot.gserviceaccount.com","updateTime":"2026-02-13T01:37:53.965994951Z","versionId":"1","labels":{"deployment-tool":"cli-firebase","firebase-functions-hash":"29d2811741f5015ae7585f68a831f692a2ddd0b6"},"sourceUploadUrl":"https://storage.googleapis.com/uploads-442777830868.us-central1.cloudfunctions.appspot.com/040ffd9f-8858-4977-964e-a6773cf70009.zip","environmentVariables":{"FIREBASE_CONFIG":"{\"projectId\":\"ubbjtienda\",\"storageBucket\":\"ubbjtienda.firebasestorage.app\"}","GCLOUD_PROJECT":"ubbjtienda","EVENTARC_CLOUD_EVENT_SOURCE":"projects/ubbjtienda/locations/us-central1/functions/notifySellerOnNewOrder"},"runtime":"nodejs20","maxInstances":3000,"ingressSettings":"ALLOW_ALL","buildId":"07ec8c71-4239-4b01-a319-f4c57f115855","buildEnvironmentVariables":{"GOOGLE_NODE_RUN_SCRIPTS":""},"buildName":"projects/156880129521/locations/us-central1/builds/07ec8c71-4239-4b01-a319-f4c57f115855","dockerRegistry":"ARTIFACT_REGISTRY","automaticUpdatePolicy":{},"buildServiceAccount":"projects/ubbjtienda/serviceAccounts/156880129521-compute@developer.gserviceaccount.com","satisfiesPzi":true},{"name":"projects/ubbjtienda/locations/us-central1/functions/notifyClientOnOrderUpdate","eventTrigger":{"eventType":"providers/cloud.firestore/eventTypes/document.update","resource":"projects/ubbjtienda/databases/(default)/documents/compras/{purchaseId}","service":"firestore.googleapis.com","failurePolicy":{}},"status":"ACTIVE","entryPoint":"notifyClientOnOrderUpdate","timeout":"60s","availableMemoryMb":256,"serviceAccountEmail":"ubbjtienda@appspot.gserviceaccount.com","updateTime":"2026-02-14T07:25:50.428Z","versionId":"5","labels":{"deployment-tool":"cli-firebase","firebase-functions-hash":"c6e00443325de3e592750e24613e9e53eea1169c"},"sourceUploadUrl":"https://storage.googleapis.com/uploads-442777830868.us-central1.cloudfunctions.appspot.com/a6bd13c4-3e6d-43b3-8072-27291b5732bc.zip","environmentVariables":{"FIREBASE_CONFIG":"{\"projectId\":\"ubbjtienda\",\"storageBucket\":\"ubbjtienda.firebasestorage.app\"}","GCLOUD_PROJECT":"ubbjtienda","EVENTARC_CLOUD_EVENT_SOURCE":"projects/ubbjtienda/locations/us-central1/functions/notifyClientOnOrderUpdate"},"runtime":"nodejs20","maxInstances":3000,"ingressSettings":"ALLOW_ALL","buildId":"fd8aad15-73ec-4aa0-b818-0b904360dfd3","buildEnvironmentVariables":{"GOOGLE_NODE_RUN_SCRIPTS":""},"buildName":"projects/156880129521/locations/us-central1/builds/fd8aad15-73ec-4aa0-b818-0b904360dfd3","dockerRegistry":"ARTIFACT_REGISTRY","automaticUpdatePolicy":{},"buildServiceAccount":"projects/ubbjtienda/serviceAccounts/156880129521-compute@developer.gserviceaccount.com","satisfiesPzi":true}]}
[debug] [2026-02-14T07:30:29.188Z] Checked if tokens are valid: true, expires at: 1771057478402
[debug] [2026-02-14T07:30:29.188Z] Checked if tokens are valid: true, expires at: 1771057478402
[debug] [2026-02-14T07:30:29.188Z] >>> [apiv2][query] GET https://cloudfunctions.googleapis.com/v2/projects/ubbjtienda/locations/-/functions filter=environment%3D%22GEN_2%22
[debug] [2026-02-14T07:30:29.548Z] <<< [apiv2][status] GET https://cloudfunctions.googleapis.com/v2/projects/ubbjtienda/locations/-/functions 200
[debug] [2026-02-14T07:30:29.548Z] <<< [apiv2][body] GET https://cloudfunctions.googleapis.com/v2/projects/ubbjtienda/locations/-/functions {}
[debug] [2026-02-14T07:30:29.551Z] Checked if tokens are valid: true, expires at: 1771057478402
[debug] [2026-02-14T07:30:29.551Z] Checked if tokens are valid: true, expires at: 1771057478402
[debug] [2026-02-14T07:30:29.551Z] >>> [apiv2][query] GET https://cloudresourcemanager.googleapis.com/v1/projects/ubbjtienda [none]
[debug] [2026-02-14T07:30:29.864Z] <<< [apiv2][status] GET https://cloudresourcemanager.googleapis.com/v1/projects/ubbjtienda 200
[debug] [2026-02-14T07:30:29.864Z] <<< [apiv2][body] GET https://cloudresourcemanager.googleapis.com/v1/projects/ubbjtienda {"projectNumber":"156880129521","projectId":"ubbjtienda","lifecycleState":"ACTIVE","name":"ubbjtienda","labels":{"firebase":"enabled","firebase-core":"disabled"},"createTime":"2026-02-11T05:08:03.328623Z"}
[debug] [2026-02-14T07:30:29.865Z] Checked if tokens are valid: true, expires at: 1771057478402
[debug] [2026-02-14T07:30:29.865Z] Checked if tokens are valid: true, expires at: 1771057478402
[debug] [2026-02-14T07:30:29.866Z] >>> [apiv2][query] POST https://cloudfunctions.googleapis.com/v1/projects/ubbjtienda/locations/us-central1/functions:generateUploadUrl [none]
[debug] [2026-02-14T07:30:29.866Z] >>> [apiv2][body] POST https://cloudfunctions.googleapis.com/v1/projects/ubbjtienda/locations/us-central1/functions:generateUploadUrl {}
[debug] [2026-02-14T07:30:30.371Z] <<< [apiv2][status] POST https://cloudfunctions.googleapis.com/v1/projects/ubbjtienda/locations/us-central1/functions:generateUploadUrl 200
[debug] [2026-02-14T07:30:30.371Z] <<< [apiv2][body] POST https://cloudfunctions.googleapis.com/v1/projects/ubbjtienda/locations/us-central1/functions:generateUploadUrl {"uploadUrl":"https://storage.googleapis.com/uploads-442777830868.us-central1.cloudfunctions.appspot.com/ba27fd71-3c4a-48df-b4a6-39e31aaf8d89.zip?GoogleAccessId=service-156880129521@gcf-admin-robot.iam.gserviceaccount.com&Expires=1771055929&Signature=mkJlB1n7ICfVE1J72yuSiWVu5tztNcJgDeaah5gH35z%2BXD2f83nMY9tR8BumVhbyQ9WnagCEqU5nEnQ0%2BhJPaTuj5EHMYpVagbvSPKJCTY2TiATthyEiigdGKwPU5Z0dv1jeuJNSxWgotHcTYQW0dgVg5LglBjVc%2FU0oOOaljJF1%2FNRULKXEYd%2Frp6Qq676eqhYtmxmC1hlrbLi4LMnFGRQ5%2F%2Be%2BDohPalGCi08o18vdJ7U%2BQ5g2wEzR8UCjaXfEnVtMArC0Gu4MYNSklQQKryXJB3tYqpOT9SQto9DyA5%2B%2FZf9zogKPupMj%2FvLH25tIlBHU6PueyasR%2BgB1SJdkWQ%3D%3D"}
[debug] [2026-02-14T07:30:30.372Z] >>> [apiv2][query] PUT https://storage.googleapis.com/uploads-442777830868.us-central1.cloudfunctions.appspot.com/ba27fd71-3c4a-48df-b4a6-39e31aaf8d89.zip GoogleAccessId=service-156880129521%40gcf-admin-robot.iam.gserviceaccount.com&Expires=1771055929&Signature=mkJlB1n7ICfVE1J72yuSiWVu5tztNcJgDeaah5gH35z%2BXD2f83nMY9tR8BumVhbyQ9WnagCEqU5nEnQ0%2BhJPaTuj5EHMYpVagbvSPKJCTY2TiATthyEiigdGKwPU5Z0dv1jeuJNSxWgotHcTYQW0dgVg5LglBjVc%2FU0oOOaljJF1%2FNRULKXEYd%2Frp6Qq676eqhYtmxmC1hlrbLi4LMnFGRQ5%2F%2Be%2BDohPalGCi08o18vdJ7U%2BQ5g2wEzR8UCjaXfEnVtMArC0Gu4MYNSklQQKryXJB3tYqpOT9SQto9DyA5%2B%2FZf9zogKPupMj%2FvLH25tIlBHU6PueyasR%2BgB1SJdkWQ%3D%3D
[debug] [2026-02-14T07:30:30.372Z] >>> [apiv2][body] PUT https://storage.googleapis.com/uploads-442777830868.us-central1.cloudfunctions.appspot.com/ba27fd71-3c4a-48df-b4a6-39e31aaf8d89.zip [stream]
[debug] [2026-02-14T07:30:30.661Z] <<< [apiv2][status] PUT https://storage.googleapis.com/uploads-442777830868.us-central1.cloudfunctions.appspot.com/ba27fd71-3c4a-48df-b4a6-39e31aaf8d89.zip 200
[debug] [2026-02-14T07:30:30.661Z] <<< [apiv2][body] PUT https://storage.googleapis.com/uploads-442777830868.us-central1.cloudfunctions.appspot.com/ba27fd71-3c4a-48df-b4a6-39e31aaf8d89.zip [omitted]
[info] +  functions: functions source uploaded successfully 
[info] i  functions: Skipping the deploy of unchanged functions. 
[info] +  functions[notifyClientOnOrderUpdate(us-central1)] Skipped (No changes detected) 
[info] i  functions: updating Node.js 20 (1st Gen) function notifySellerOnNewOrder(us-central1)... 
[info] i  functions: updating Node.js 20 (1st Gen) function notifyOnNewMessage(us-central1)... 
[debug] [2026-02-14T07:30:30.664Z] Checked if tokens are valid: true, expires at: 1771057478402
[debug] [2026-02-14T07:30:30.664Z] Checked if tokens are valid: true, expires at: 1771057478402
[debug] [2026-02-14T07:30:30.665Z] >>> [apiv2][query] PATCH https://cloudfunctions.googleapis.com/v1/projects/ubbjtienda/locations/us-central1/functions/notifySellerOnNewOrder updateMask=name%2CsourceUploadUrl%2CentryPoint%2Cruntime%2CdockerRegistry%2Clabels%2CeventTrigger.eventType%2CeventTrigger.resource%2CeventTrigger.failurePolicy%2CminInstances%2CmaxInstances%2CingressSettings%2CenvironmentVariables%2CserviceAccountEmail%2CavailableMemoryMb%2Ctimeout%2CvpcConnector%2CvpcConnectorEgressSettings%2CsourceToken%2CbuildEnvironmentVariables
[debug] [2026-02-14T07:30:30.665Z] >>> [apiv2][body] PATCH https://cloudfunctions.googleapis.com/v1/projects/ubbjtienda/locations/us-central1/functions/notifySellerOnNewOrder {"name":"projects/ubbjtienda/locations/us-central1/functions/notifySellerOnNewOrder","sourceUploadUrl":"https://storage.googleapis.com/uploads-442777830868.us-central1.cloudfunctions.appspot.com/ba27fd71-3c4a-48df-b4a6-39e31aaf8d89.zip?GoogleAccessId=service-156880129521@gcf-admin-robot.iam.gserviceaccount.com&Expires=1771055929&Signature=mkJlB1n7ICfVE1J72yuSiWVu5tztNcJgDeaah5gH35z%2BXD2f83nMY9tR8BumVhbyQ9WnagCEqU5nEnQ0%2BhJPaTuj5EHMYpVagbvSPKJCTY2TiATthyEiigdGKwPU5Z0dv1jeuJNSxWgotHcTYQW0dgVg5LglBjVc%2FU0oOOaljJF1%2FNRULKXEYd%2Frp6Qq676eqhYtmxmC1hlrbLi4LMnFGRQ5%2F%2Be%2BDohPalGCi08o18vdJ7U%2BQ5g2wEzR8UCjaXfEnVtMArC0Gu4MYNSklQQKryXJB3tYqpOT9SQto9DyA5%2B%2FZf9zogKPupMj%2FvLH25tIlBHU6PueyasR%2BgB1SJdkWQ%3D%3D","entryPoint":"notifySellerOnNewOrder","runtime":"nodejs20","dockerRegistry":"ARTIFACT_REGISTRY","labels":{"deployment-tool":"cli-firebase","firebase-functions-hash":"c6e00443325de3e592750e24613e9e53eea1169c"},"eventTrigger":{"eventType":"providers/cloud.firestore/eventTypes/document.create","resource":"projects/ubbjtienda/databases/(default)/documents/compras/{purchaseId}"},"minInstances":null,"maxInstances":null,"ingressSettings":null,"environmentVariables":{"FIREBASE_CONFIG":"{\"projectId\":\"ubbjtienda\",\"storageBucket\":\"ubbjtienda.firebasestorage.app\"}","GCLOUD_PROJECT":"ubbjtienda","EVENTARC_CLOUD_EVENT_SOURCE":"projects/ubbjtienda/locations/us-central1/functions/notifySellerOnNewOrder"},"serviceAccountEmail":null,"availableMemoryMb":null,"timeout":null,"vpcConnector":null,"vpcConnectorEgressSettings":null,"buildEnvironmentVariables":{"GOOGLE_NODE_RUN_SCRIPTS":""}}
[debug] [2026-02-14T07:30:32.282Z] <<< [apiv2][status] PATCH https://cloudfunctions.googleapis.com/v1/projects/ubbjtienda/locations/us-central1/functions/notifySellerOnNewOrder 200
[debug] [2026-02-14T07:30:32.282Z] <<< [apiv2][body] PATCH https://cloudfunctions.googleapis.com/v1/projects/ubbjtienda/locations/us-central1/functions/notifySellerOnNewOrder {"name":"operations/dWJianRpZW5kYS91cy1jZW50cmFsMS9ub3RpZnlTZWxsZXJPbk5ld09yZGVyL1FwZU53NHFnV29R","metadata":{"@type":"type.googleapis.com/google.cloud.functions.v1.OperationMetadataV1","target":"projects/ubbjtienda/locations/us-central1/functions/notifySellerOnNewOrder","type":"UPDATE_FUNCTION","request":{"@type":"type.googleapis.com/google.cloud.functions.v1.CloudFunction","name":"projects/ubbjtienda/locations/us-central1/functions/notifySellerOnNewOrder","eventTrigger":{"eventType":"providers/cloud.firestore/eventTypes/document.create","resource":"projects/ubbjtienda/databases/(default)/documents/compras/{purchaseId}","service":"firestore.googleapis.com"},"status":"ACTIVE","entryPoint":"notifySellerOnNewOrder","updateTime":"2026-02-13T01:37:52.716Z","versionId":"1","labels":{"deployment-tool":"cli-firebase","firebase-functions-hash":"c6e00443325de3e592750e24613e9e53eea1169c"},"sourceUploadUrl":"https://storage.googleapis.com/uploads-442777830868.us-central1.cloudfunctions.appspot.com/ba27fd71-3c4a-48df-b4a6-39e31aaf8d89.zip?GoogleAccessId=service-156880129521@gcf-admin-robot.iam.gserviceaccount.com&Expires=1771055929&Signature=mkJlB1n7ICfVE1J72yuSiWVu5tztNcJgDeaah5gH35z%2BXD2f83nMY9tR8BumVhbyQ9WnagCEqU5nEnQ0%2BhJPaTuj5EHMYpVagbvSPKJCTY2TiATthyEiigdGKwPU5Z0dv1jeuJNSxWgotHcTYQW0dgVg5LglBjVc%2FU0oOOaljJF1%2FNRULKXEYd%2Frp6Qq676eqhYtmxmC1hlrbLi4LMnFGRQ5%2F%2Be%2BDohPalGCi08o18vdJ7U%2BQ5g2wEzR8UCjaXfEnVtMArC0Gu4MYNSklQQKryXJB3tYqpOT9SQto9DyA5%2B%2FZf9zogKPupMj%2FvLH25tIlBHU6PueyasR%2BgB1SJdkWQ%3D%3D","environmentVariables":{"FIREBASE_CONFIG":"{\"projectId\":\"ubbjtienda\",\"storageBucket\":\"ubbjtienda.firebasestorage.app\"}","GCLOUD_PROJECT":"ubbjtienda","EVENTARC_CLOUD_EVENT_SOURCE":"projects/ubbjtienda/locations/us-central1/functions/notifySellerOnNewOrder"},"runtime":"nodejs20","buildId":"07ec8c71-4239-4b01-a319-f4c57f115855","buildEnvironmentVariables":{"GOOGLE_NODE_RUN_SCRIPTS":""},"buildName":"projects/156880129521/locations/us-central1/builds/07ec8c71-4239-4b01-a319-f4c57f115855","dockerRegistry":"ARTIFACT_REGISTRY","automaticUpdatePolicy":{},"buildServiceAccount":"projects/ubbjtienda/serviceAccounts/156880129521-compute@developer.gserviceaccount.com"},"versionId":"2","updateTime":"2026-02-14T07:28:51Z"}}
[debug] [2026-02-14T07:30:32.283Z] Checked if tokens are valid: true, expires at: 1771057478402
[debug] [2026-02-14T07:30:32.283Z] Checked if tokens are valid: true, expires at: 1771057478402
[debug] [2026-02-14T07:30:32.283Z] >>> [apiv2][query] GET https://cloudfunctions.googleapis.com/v1/operations/dWJianRpZW5kYS91cy1jZW50cmFsMS9ub3RpZnlTZWxsZXJPbk5ld09yZGVyL1FwZU53NHFnV29R [none]
[debug] [2026-02-14T07:30:32.522Z] <<< [apiv2][status] GET https://cloudfunctions.googleapis.com/v1/operations/dWJianRpZW5kYS91cy1jZW50cmFsMS9ub3RpZnlTZWxsZXJPbk5ld09yZGVyL1FwZU53NHFnV29R 200
[debug] [2026-02-14T07:30:32.522Z] <<< [apiv2][body] GET https://cloudfunctions.googleapis.com/v1/operations/dWJianRpZW5kYS91cy1jZW50cmFsMS9ub3RpZnlTZWxsZXJPbk5ld09yZGVyL1FwZU53NHFnV29R {"name":"operations/dWJianRpZW5kYS91cy1jZW50cmFsMS9ub3RpZnlTZWxsZXJPbk5ld09yZGVyL1FwZU53NHFnV29R","metadata":{"@type":"type.googleapis.com/google.cloud.functions.v1.OperationMetadataV1","target":"projects/ubbjtienda/locations/us-central1/functions/notifySellerOnNewOrder","type":"UPDATE_FUNCTION","request":{"@type":"type.googleapis.com/google.cloud.functions.v1.CloudFunction","name":"projects/ubbjtienda/locations/us-central1/functions/notifySellerOnNewOrder","eventTrigger":{"eventType":"providers/cloud.firestore/eventTypes/document.create","resource":"projects/ubbjtienda/databases/(default)/documents/compras/{purchaseId}","service":"firestore.googleapis.com"},"status":"ACTIVE","entryPoint":"notifySellerOnNewOrder","updateTime":"2026-02-13T01:37:52.716Z","versionId":"1","labels":{"deployment-tool":"cli-firebase","firebase-functions-hash":"c6e00443325de3e592750e24613e9e53eea1169c"},"sourceUploadUrl":"https://storage.googleapis.com/uploads-442777830868.us-central1.cloudfunctions.appspot.com/ba27fd71-3c4a-48df-b4a6-39e31aaf8d89.zip?GoogleAccessId=service-156880129521@gcf-admin-robot.iam.gserviceaccount.com&Expires=1771055929&Signature=mkJlB1n7ICfVE1J72yuSiWVu5tztNcJgDeaah5gH35z%2BXD2f83nMY9tR8BumVhbyQ9WnagCEqU5nEnQ0%2BhJPaTuj5EHMYpVagbvSPKJCTY2TiATthyEiigdGKwPU5Z0dv1jeuJNSxWgotHcTYQW0dgVg5LglBjVc%2FU0oOOaljJF1%2FNRULKXEYd%2Frp6Qq676eqhYtmxmC1hlrbLi4LMnFGRQ5%2F%2Be%2BDohPalGCi08o18vdJ7U%2BQ5g2wEzR8UCjaXfEnVtMArC0Gu4MYNSklQQKryXJB3tYqpOT9SQto9DyA5%2B%2FZf9zogKPupMj%2FvLH25tIlBHU6PueyasR%2BgB1SJdkWQ%3D%3D","environmentVariables":{"FIREBASE_CONFIG":"{\"projectId\":\"ubbjtienda\",\"storageBucket\":\"ubbjtienda.firebasestorage.app\"}","GCLOUD_PROJECT":"ubbjtienda","EVENTARC_CLOUD_EVENT_SOURCE":"projects/ubbjtienda/locations/us-central1/functions/notifySellerOnNewOrder"},"runtime":"nodejs20","buildId":"07ec8c71-4239-4b01-a319-f4c57f115855","buildEnvironmentVariables":{"GOOGLE_NODE_RUN_SCRIPTS":""},"buildName":"projects/156880129521/locations/us-central1/builds/07ec8c71-4239-4b01-a319-f4c57f115855","dockerRegistry":"ARTIFACT_REGISTRY","automaticUpdatePolicy":{},"buildServiceAccount":"projects/ubbjtienda/serviceAccounts/156880129521-compute@developer.gserviceaccount.com"},"versionId":"2","updateTime":"2026-02-14T07:28:51Z"}}
[debug] [2026-02-14T07:30:33.035Z] [update-default-us-central1-notifySellerOnNewOrder] Retrying task index 0
[debug] [2026-02-14T07:30:33.036Z] Checked if tokens are valid: true, expires at: 1771057478402
[debug] [2026-02-14T07:30:33.036Z] Checked if tokens are valid: true, expires at: 1771057478402
[debug] [2026-02-14T07:30:33.036Z] >>> [apiv2][query] GET https://cloudfunctions.googleapis.com/v1/operations/dWJianRpZW5kYS91cy1jZW50cmFsMS9ub3RpZnlTZWxsZXJPbk5ld09yZGVyL1FwZU53NHFnV29R [none]
[debug] [2026-02-14T07:30:33.192Z] <<< [apiv2][status] GET https://cloudfunctions.googleapis.com/v1/operations/dWJianRpZW5kYS91cy1jZW50cmFsMS9ub3RpZnlTZWxsZXJPbk5ld09yZGVyL1FwZU53NHFnV29R 200
[debug] [2026-02-14T07:30:33.192Z] <<< [apiv2][body] GET https://cloudfunctions.googleapis.com/v1/operations/dWJianRpZW5kYS91cy1jZW50cmFsMS9ub3RpZnlTZWxsZXJPbk5ld09yZGVyL1FwZU53NHFnV29R {"name":"operations/dWJianRpZW5kYS91cy1jZW50cmFsMS9ub3RpZnlTZWxsZXJPbk5ld09yZGVyL1FwZU53NHFnV29R","metadata":{"@type":"type.googleapis.com/google.cloud.functions.v1.OperationMetadataV1","target":"projects/ubbjtienda/locations/us-central1/functions/notifySellerOnNewOrder","type":"UPDATE_FUNCTION","request":{"@type":"type.googleapis.com/google.cloud.functions.v1.CloudFunction","name":"projects/ubbjtienda/locations/us-central1/functions/notifySellerOnNewOrder","eventTrigger":{"eventType":"providers/cloud.firestore/eventTypes/document.create","resource":"projects/ubbjtienda/databases/(default)/documents/compras/{purchaseId}","service":"firestore.googleapis.com"},"status":"ACTIVE","entryPoint":"notifySellerOnNewOrder","updateTime":"2026-02-13T01:37:52.716Z","versionId":"1","labels":{"deployment-tool":"cli-firebase","firebase-functions-hash":"c6e00443325de3e592750e24613e9e53eea1169c"},"sourceUploadUrl":"https://storage.googleapis.com/uploads-442777830868.us-central1.cloudfunctions.appspot.com/ba27fd71-3c4a-48df-b4a6-39e31aaf8d89.zip?GoogleAccessId=service-156880129521@gcf-admin-robot.iam.gserviceaccount.com&Expires=1771055929&Signature=mkJlB1n7ICfVE1J72yuSiWVu5tztNcJgDeaah5gH35z%2BXD2f83nMY9tR8BumVhbyQ9WnagCEqU5nEnQ0%2BhJPaTuj5EHMYpVagbvSPKJCTY2TiATthyEiigdGKwPU5Z0dv1jeuJNSxWgotHcTYQW0dgVg5LglBjVc%2FU0oOOaljJF1%2FNRULKXEYd%2Frp6Qq676eqhYtmxmC1hlrbLi4LMnFGRQ5%2F%2Be%2BDohPalGCi08o18vdJ7U%2BQ5g2wEzR8UCjaXfEnVtMArC0Gu4MYNSklQQKryXJB3tYqpOT9SQto9DyA5%2B%2FZf9zogKPupMj%2FvLH25tIlBHU6PueyasR%2BgB1SJdkWQ%3D%3D","environmentVariables":{"FIREBASE_CONFIG":"{\"projectId\":\"ubbjtienda\",\"storageBucket\":\"ubbjtienda.firebasestorage.app\"}","GCLOUD_PROJECT":"ubbjtienda","EVENTARC_CLOUD_EVENT_SOURCE":"projects/ubbjtienda/locations/us-central1/functions/notifySellerOnNewOrder"},"runtime":"nodejs20","buildId":"07ec8c71-4239-4b01-a319-f4c57f115855","buildEnvironmentVariables":{"GOOGLE_NODE_RUN_SCRIPTS":""},"buildName":"projects/156880129521/locations/us-central1/builds/07ec8c71-4239-4b01-a319-f4c57f115855","dockerRegistry":"ARTIFACT_REGISTRY","automaticUpdatePolicy":{},"buildServiceAccount":"projects/ubbjtienda/serviceAccounts/156880129521-compute@developer.gserviceaccount.com"},"versionId":"2","updateTime":"2026-02-14T07:28:51Z"}}
[debug] [2026-02-14T07:30:34.194Z] [update-default-us-central1-notifySellerOnNewOrder] Retrying task index 0
[debug] [2026-02-14T07:30:34.194Z] Checked if tokens are valid: true, expires at: 1771057478402
[debug] [2026-02-14T07:30:34.194Z] Checked if tokens are valid: true, expires at: 1771057478402
[debug] [2026-02-14T07:30:34.194Z] >>> [apiv2][query] GET https://cloudfunctions.googleapis.com/v1/operations/dWJianRpZW5kYS91cy1jZW50cmFsMS9ub3RpZnlTZWxsZXJPbk5ld09yZGVyL1FwZU53NHFnV29R [none]
[debug] [2026-02-14T07:30:34.364Z] <<< [apiv2][status] GET https://cloudfunctions.googleapis.com/v1/operations/dWJianRpZW5kYS91cy1jZW50cmFsMS9ub3RpZnlTZWxsZXJPbk5ld09yZGVyL1FwZU53NHFnV29R 200
[debug] [2026-02-14T07:30:34.365Z] <<< [apiv2][body] GET https://cloudfunctions.googleapis.com/v1/operations/dWJianRpZW5kYS91cy1jZW50cmFsMS9ub3RpZnlTZWxsZXJPbk5ld09yZGVyL1FwZU53NHFnV29R {"name":"operations/dWJianRpZW5kYS91cy1jZW50cmFsMS9ub3RpZnlTZWxsZXJPbk5ld09yZGVyL1FwZU53NHFnV29R","metadata":{"@type":"type.googleapis.com/google.cloud.functions.v1.OperationMetadataV1","target":"projects/ubbjtienda/locations/us-central1/functions/notifySellerOnNewOrder","type":"UPDATE_FUNCTION","request":{"@type":"type.googleapis.com/google.cloud.functions.v1.CloudFunction","name":"projects/ubbjtienda/locations/us-central1/functions/notifySellerOnNewOrder","eventTrigger":{"eventType":"providers/cloud.firestore/eventTypes/document.create","resource":"projects/ubbjtienda/databases/(default)/documents/compras/{purchaseId}","service":"firestore.googleapis.com"},"status":"ACTIVE","entryPoint":"notifySellerOnNewOrder","updateTime":"2026-02-13T01:37:52.716Z","versionId":"1","labels":{"deployment-tool":"cli-firebase","firebase-functions-hash":"c6e00443325de3e592750e24613e9e53eea1169c"},"sourceUploadUrl":"https://storage.googleapis.com/uploads-442777830868.us-central1.cloudfunctions.appspot.com/ba27fd71-3c4a-48df-b4a6-39e31aaf8d89.zip?GoogleAccessId=service-156880129521@gcf-admin-robot.iam.gserviceaccount.com&Expires=1771055929&Signature=mkJlB1n7ICfVE1J72yuSiWVu5tztNcJgDeaah5gH35z%2BXD2f83nMY9tR8BumVhbyQ9WnagCEqU5nEnQ0%2BhJPaTuj5EHMYpVagbvSPKJCTY2TiATthyEiigdGKwPU5Z0dv1jeuJNSxWgotHcTYQW0dgVg5LglBjVc%2FU0oOOaljJF1%2FNRULKXEYd%2Frp6Qq676eqhYtmxmC1hlrbLi4LMnFGRQ5%2F%2Be%2BDohPalGCi08o18vdJ7U%2BQ5g2wEzR8UCjaXfEnVtMArC0Gu4MYNSklQQKryXJB3tYqpOT9SQto9DyA5%2B%2FZf9zogKPupMj%2FvLH25tIlBHU6PueyasR%2BgB1SJdkWQ%3D%3D","environmentVariables":{"FIREBASE_CONFIG":"{\"projectId\":\"ubbjtienda\",\"storageBucket\":\"ubbjtienda.firebasestorage.app\"}","GCLOUD_PROJECT":"ubbjtienda","EVENTARC_CLOUD_EVENT_SOURCE":"projects/ubbjtienda/locations/us-central1/functions/notifySellerOnNewOrder"},"runtime":"nodejs20","buildId":"07ec8c71-4239-4b01-a319-f4c57f115855","buildEnvironmentVariables":{"GOOGLE_NODE_RUN_SCRIPTS":""},"buildName":"projects/156880129521/locations/us-central1/builds/07ec8c71-4239-4b01-a319-f4c57f115855","dockerRegistry":"ARTIFACT_REGISTRY","automaticUpdatePolicy":{},"buildServiceAccount":"projects/ubbjtienda/serviceAccounts/156880129521-compute@developer.gserviceaccount.com"},"versionId":"2","updateTime":"2026-02-14T07:28:51Z","buildId":"d975c381-b930-4928-b51e-1d86cb12b079","buildName":"projects/156880129521/locations/us-central1/builds/d975c381-b930-4928-b51e-1d86cb12b079"}}
[debug] [2026-02-14T07:30:36.365Z] [update-default-us-central1-notifySellerOnNewOrder] Retrying task index 0
[debug] [2026-02-14T07:30:36.366Z] Checked if tokens are valid: true, expires at: 1771057478402
[debug] [2026-02-14T07:30:36.366Z] Checked if tokens are valid: true, expires at: 1771057478402
[debug] [2026-02-14T07:30:36.366Z] >>> [apiv2][query] GET https://cloudfunctions.googleapis.com/v1/operations/dWJianRpZW5kYS91cy1jZW50cmFsMS9ub3RpZnlTZWxsZXJPbk5ld09yZGVyL1FwZU53NHFnV29R [none]
[debug] [2026-02-14T07:30:36.470Z] <<< [apiv2][status] GET https://cloudfunctions.googleapis.com/v1/operations/dWJianRpZW5kYS91cy1jZW50cmFsMS9ub3RpZnlTZWxsZXJPbk5ld09yZGVyL1FwZU53NHFnV29R 200
[debug] [2026-02-14T07:30:36.471Z] <<< [apiv2][body] GET https://cloudfunctions.googleapis.com/v1/operations/dWJianRpZW5kYS91cy1jZW50cmFsMS9ub3RpZnlTZWxsZXJPbk5ld09yZGVyL1FwZU53NHFnV29R {"name":"operations/dWJianRpZW5kYS91cy1jZW50cmFsMS9ub3RpZnlTZWxsZXJPbk5ld09yZGVyL1FwZU53NHFnV29R","metadata":{"@type":"type.googleapis.com/google.cloud.functions.v1.OperationMetadataV1","target":"projects/ubbjtienda/locations/us-central1/functions/notifySellerOnNewOrder","type":"UPDATE_FUNCTION","request":{"@type":"type.googleapis.com/google.cloud.functions.v1.CloudFunction","name":"projects/ubbjtienda/locations/us-central1/functions/notifySellerOnNewOrder","eventTrigger":{"eventType":"providers/cloud.firestore/eventTypes/document.create","resource":"projects/ubbjtienda/databases/(default)/documents/compras/{purchaseId}","service":"firestore.googleapis.com"},"status":"ACTIVE","entryPoint":"notifySellerOnNewOrder","updateTime":"2026-02-13T01:37:52.716Z","versionId":"1","labels":{"deployment-tool":"cli-firebase","firebase-functions-hash":"c6e00443325de3e592750e24613e9e53eea1169c"},"sourceUploadUrl":"https://storage.googleapis.com/uploads-442777830868.us-central1.cloudfunctions.appspot.com/ba27fd71-3c4a-48df-b4a6-39e31aaf8d89.zip?GoogleAccessId=service-156880129521@gcf-admin-robot.iam.gserviceaccount.com&Expires=1771055929&Signature=mkJlB1n7ICfVE1J72yuSiWVu5tztNcJgDeaah5gH35z%2BXD2f83nMY9tR8BumVhbyQ9WnagCEqU5nEnQ0%2BhJPaTuj5EHMYpVagbvSPKJCTY2TiATthyEiigdGKwPU5Z0dv1jeuJNSxWgotHcTYQW0dgVg5LglBjVc%2FU0oOOaljJF1%2FNRULKXEYd%2Frp6Qq676eqhYtmxmC1hlrbLi4LMnFGRQ5%2F%2Be%2BDohPalGCi08o18vdJ7U%2BQ5g2wEzR8UCjaXfEnVtMArC0Gu4MYNSklQQKryXJB3tYqpOT9SQto9DyA5%2B%2FZf9zogKPupMj%2FvLH25tIlBHU6PueyasR%2BgB1SJdkWQ%3D%3D","environmentVariables":{"FIREBASE_CONFIG":"{\"projectId\":\"ubbjtienda\",\"storageBucket\":\"ubbjtienda.firebasestorage.app\"}","GCLOUD_PROJECT":"ubbjtienda","EVENTARC_CLOUD_EVENT_SOURCE":"projects/ubbjtienda/locations/us-central1/functions/notifySellerOnNewOrder"},"runtime":"nodejs20","buildId":"07ec8c71-4239-4b01-a319-f4c57f115855","buildEnvironmentVariables":{"GOOGLE_NODE_RUN_SCRIPTS":""},"buildName":"projects/156880129521/locations/us-central1/builds/07ec8c71-4239-4b01-a319-f4c57f115855","dockerRegistry":"ARTIFACT_REGISTRY","automaticUpdatePolicy":{},"buildServiceAccount":"projects/ubbjtienda/serviceAccounts/156880129521-compute@developer.gserviceaccount.com"},"versionId":"2","updateTime":"2026-02-14T07:28:51Z","buildId":"d975c381-b930-4928-b51e-1d86cb12b079","buildName":"projects/156880129521/locations/us-central1/builds/d975c381-b930-4928-b51e-1d86cb12b079"}}
[debug] [2026-02-14T07:30:40.473Z] [update-default-us-central1-notifySellerOnNewOrder] Retrying task index 0
[debug] [2026-02-14T07:30:40.473Z] Checked if tokens are valid: true, expires at: 1771057478402
[debug] [2026-02-14T07:30:40.473Z] Checked if tokens are valid: true, expires at: 1771057478402
[debug] [2026-02-14T07:30:40.474Z] >>> [apiv2][query] GET https://cloudfunctions.googleapis.com/v1/operations/dWJianRpZW5kYS91cy1jZW50cmFsMS9ub3RpZnlTZWxsZXJPbk5ld09yZGVyL1FwZU53NHFnV29R [none]
[debug] [2026-02-14T07:30:40.612Z] <<< [apiv2][status] GET https://cloudfunctions.googleapis.com/v1/operations/dWJianRpZW5kYS91cy1jZW50cmFsMS9ub3RpZnlTZWxsZXJPbk5ld09yZGVyL1FwZU53NHFnV29R 200
[debug] [2026-02-14T07:30:40.612Z] <<< [apiv2][body] GET https://cloudfunctions.googleapis.com/v1/operations/dWJianRpZW5kYS91cy1jZW50cmFsMS9ub3RpZnlTZWxsZXJPbk5ld09yZGVyL1FwZU53NHFnV29R {"name":"operations/dWJianRpZW5kYS91cy1jZW50cmFsMS9ub3RpZnlTZWxsZXJPbk5ld09yZGVyL1FwZU53NHFnV29R","metadata":{"@type":"type.googleapis.com/google.cloud.functions.v1.OperationMetadataV1","target":"projects/ubbjtienda/locations/us-central1/functions/notifySellerOnNewOrder","type":"UPDATE_FUNCTION","request":{"@type":"type.googleapis.com/google.cloud.functions.v1.CloudFunction","name":"projects/ubbjtienda/locations/us-central1/functions/notifySellerOnNewOrder","eventTrigger":{"eventType":"providers/cloud.firestore/eventTypes/document.create","resource":"projects/ubbjtienda/databases/(default)/documents/compras/{purchaseId}","service":"firestore.googleapis.com"},"status":"ACTIVE","entryPoint":"notifySellerOnNewOrder","updateTime":"2026-02-13T01:37:52.716Z","versionId":"1","labels":{"deployment-tool":"cli-firebase","firebase-functions-hash":"c6e00443325de3e592750e24613e9e53eea1169c"},"sourceUploadUrl":"https://storage.googleapis.com/uploads-442777830868.us-central1.cloudfunctions.appspot.com/ba27fd71-3c4a-48df-b4a6-39e31aaf8d89.zip?GoogleAccessId=service-156880129521@gcf-admin-robot.iam.gserviceaccount.com&Expires=1771055929&Signature=mkJlB1n7ICfVE1J72yuSiWVu5tztNcJgDeaah5gH35z%2BXD2f83nMY9tR8BumVhbyQ9WnagCEqU5nEnQ0%2BhJPaTuj5EHMYpVagbvSPKJCTY2TiATthyEiigdGKwPU5Z0dv1jeuJNSxWgotHcTYQW0dgVg5LglBjVc%2FU0oOOaljJF1%2FNRULKXEYd%2Frp6Qq676eqhYtmxmC1hlrbLi4LMnFGRQ5%2F%2Be%2BDohPalGCi08o18vdJ7U%2BQ5g2wEzR8UCjaXfEnVtMArC0Gu4MYNSklQQKryXJB3tYqpOT9SQto9DyA5%2B%2FZf9zogKPupMj%2FvLH25tIlBHU6PueyasR%2BgB1SJdkWQ%3D%3D","environmentVariables":{"FIREBASE_CONFIG":"{\"projectId\":\"ubbjtienda\",\"storageBucket\":\"ubbjtienda.firebasestorage.app\"}","GCLOUD_PROJECT":"ubbjtienda","EVENTARC_CLOUD_EVENT_SOURCE":"projects/ubbjtienda/locations/us-central1/functions/notifySellerOnNewOrder"},"runtime":"nodejs20","buildId":"07ec8c71-4239-4b01-a319-f4c57f115855","buildEnvironmentVariables":{"GOOGLE_NODE_RUN_SCRIPTS":""},"buildName":"projects/156880129521/locations/us-central1/builds/07ec8c71-4239-4b01-a319-f4c57f115855","dockerRegistry":"ARTIFACT_REGISTRY","automaticUpdatePolicy":{},"buildServiceAccount":"projects/ubbjtienda/serviceAccounts/156880129521-compute@developer.gserviceaccount.com"},"versionId":"2","updateTime":"2026-02-14T07:28:51Z","buildId":"d975c381-b930-4928-b51e-1d86cb12b079","buildName":"projects/156880129521/locations/us-central1/builds/d975c381-b930-4928-b51e-1d86cb12b079"}}
[debug] [2026-02-14T07:30:48.617Z] [update-default-us-central1-notifySellerOnNewOrder] Retrying task index 0
[debug] [2026-02-14T07:30:48.617Z] Checked if tokens are valid: true, expires at: 1771057478402
[debug] [2026-02-14T07:30:48.617Z] Checked if tokens are valid: true, expires at: 1771057478402
[debug] [2026-02-14T07:30:48.617Z] >>> [apiv2][query] GET https://cloudfunctions.googleapis.com/v1/operations/dWJianRpZW5kYS91cy1jZW50cmFsMS9ub3RpZnlTZWxsZXJPbk5ld09yZGVyL1FwZU53NHFnV29R [none]
[debug] [2026-02-14T07:30:48.850Z] <<< [apiv2][status] GET https://cloudfunctions.googleapis.com/v1/operations/dWJianRpZW5kYS91cy1jZW50cmFsMS9ub3RpZnlTZWxsZXJPbk5ld09yZGVyL1FwZU53NHFnV29R 200
[debug] [2026-02-14T07:30:48.850Z] <<< [apiv2][body] GET https://cloudfunctions.googleapis.com/v1/operations/dWJianRpZW5kYS91cy1jZW50cmFsMS9ub3RpZnlTZWxsZXJPbk5ld09yZGVyL1FwZU53NHFnV29R {"name":"operations/dWJianRpZW5kYS91cy1jZW50cmFsMS9ub3RpZnlTZWxsZXJPbk5ld09yZGVyL1FwZU53NHFnV29R","metadata":{"@type":"type.googleapis.com/google.cloud.functions.v1.OperationMetadataV1","target":"projects/ubbjtienda/locations/us-central1/functions/notifySellerOnNewOrder","type":"UPDATE_FUNCTION","request":{"@type":"type.googleapis.com/google.cloud.functions.v1.CloudFunction","name":"projects/ubbjtienda/locations/us-central1/functions/notifySellerOnNewOrder","eventTrigger":{"eventType":"providers/cloud.firestore/eventTypes/document.create","resource":"projects/ubbjtienda/databases/(default)/documents/compras/{purchaseId}","service":"firestore.googleapis.com"},"status":"ACTIVE","entryPoint":"notifySellerOnNewOrder","updateTime":"2026-02-13T01:37:52.716Z","versionId":"1","labels":{"deployment-tool":"cli-firebase","firebase-functions-hash":"c6e00443325de3e592750e24613e9e53eea1169c"},"sourceUploadUrl":"https://storage.googleapis.com/uploads-442777830868.us-central1.cloudfunctions.appspot.com/ba27fd71-3c4a-48df-b4a6-39e31aaf8d89.zip?GoogleAccessId=service-156880129521@gcf-admin-robot.iam.gserviceaccount.com&Expires=1771055929&Signature=mkJlB1n7ICfVE1J72yuSiWVu5tztNcJgDeaah5gH35z%2BXD2f83nMY9tR8BumVhbyQ9WnagCEqU5nEnQ0%2BhJPaTuj5EHMYpVagbvSPKJCTY2TiATthyEiigdGKwPU5Z0dv1jeuJNSxWgotHcTYQW0dgVg5LglBjVc%2FU0oOOaljJF1%2FNRULKXEYd%2Frp6Qq676eqhYtmxmC1hlrbLi4LMnFGRQ5%2F%2Be%2BDohPalGCi08o18vdJ7U%2BQ5g2wEzR8UCjaXfEnVtMArC0Gu4MYNSklQQKryXJB3tYqpOT9SQto9DyA5%2B%2FZf9zogKPupMj%2FvLH25tIlBHU6PueyasR%2BgB1SJdkWQ%3D%3D","environmentVariables":{"FIREBASE_CONFIG":"{\"projectId\":\"ubbjtienda\",\"storageBucket\":\"ubbjtienda.firebasestorage.app\"}","GCLOUD_PROJECT":"ubbjtienda","EVENTARC_CLOUD_EVENT_SOURCE":"projects/ubbjtienda/locations/us-central1/functions/notifySellerOnNewOrder"},"runtime":"nodejs20","buildId":"07ec8c71-4239-4b01-a319-f4c57f115855","buildEnvironmentVariables":{"GOOGLE_NODE_RUN_SCRIPTS":""},"buildName":"projects/156880129521/locations/us-central1/builds/07ec8c71-4239-4b01-a319-f4c57f115855","dockerRegistry":"ARTIFACT_REGISTRY","automaticUpdatePolicy":{},"buildServiceAccount":"projects/ubbjtienda/serviceAccounts/156880129521-compute@developer.gserviceaccount.com"},"versionId":"2","updateTime":"2026-02-14T07:28:51Z","buildId":"d975c381-b930-4928-b51e-1d86cb12b079","buildName":"projects/156880129521/locations/us-central1/builds/d975c381-b930-4928-b51e-1d86cb12b079"}}
[debug] [2026-02-14T07:30:58.855Z] [update-default-us-central1-notifySellerOnNewOrder] Retrying task index 0
[debug] [2026-02-14T07:30:58.855Z] Checked if tokens are valid: true, expires at: 1771057478402
[debug] [2026-02-14T07:30:58.856Z] Checked if tokens are valid: true, expires at: 1771057478402
[debug] [2026-02-14T07:30:58.856Z] >>> [apiv2][query] GET https://cloudfunctions.googleapis.com/v1/operations/dWJianRpZW5kYS91cy1jZW50cmFsMS9ub3RpZnlTZWxsZXJPbk5ld09yZGVyL1FwZU53NHFnV29R [none]
[debug] [2026-02-14T07:30:59.101Z] <<< [apiv2][status] GET https://cloudfunctions.googleapis.com/v1/operations/dWJianRpZW5kYS91cy1jZW50cmFsMS9ub3RpZnlTZWxsZXJPbk5ld09yZGVyL1FwZU53NHFnV29R 200
[debug] [2026-02-14T07:30:59.101Z] <<< [apiv2][body] GET https://cloudfunctions.googleapis.com/v1/operations/dWJianRpZW5kYS91cy1jZW50cmFsMS9ub3RpZnlTZWxsZXJPbk5ld09yZGVyL1FwZU53NHFnV29R {"name":"operations/dWJianRpZW5kYS91cy1jZW50cmFsMS9ub3RpZnlTZWxsZXJPbk5ld09yZGVyL1FwZU53NHFnV29R","metadata":{"@type":"type.googleapis.com/google.cloud.functions.v1.OperationMetadataV1","target":"projects/ubbjtienda/locations/us-central1/functions/notifySellerOnNewOrder","type":"UPDATE_FUNCTION","request":{"@type":"type.googleapis.com/google.cloud.functions.v1.CloudFunction","name":"projects/ubbjtienda/locations/us-central1/functions/notifySellerOnNewOrder","eventTrigger":{"eventType":"providers/cloud.firestore/eventTypes/document.create","resource":"projects/ubbjtienda/databases/(default)/documents/compras/{purchaseId}","service":"firestore.googleapis.com"},"status":"ACTIVE","entryPoint":"notifySellerOnNewOrder","updateTime":"2026-02-13T01:37:52.716Z","versionId":"1","labels":{"deployment-tool":"cli-firebase","firebase-functions-hash":"c6e00443325de3e592750e24613e9e53eea1169c"},"sourceUploadUrl":"https://storage.googleapis.com/uploads-442777830868.us-central1.cloudfunctions.appspot.com/ba27fd71-3c4a-48df-b4a6-39e31aaf8d89.zip?GoogleAccessId=service-156880129521@gcf-admin-robot.iam.gserviceaccount.com&Expires=1771055929&Signature=mkJlB1n7ICfVE1J72yuSiWVu5tztNcJgDeaah5gH35z%2BXD2f83nMY9tR8BumVhbyQ9WnagCEqU5nEnQ0%2BhJPaTuj5EHMYpVagbvSPKJCTY2TiATthyEiigdGKwPU5Z0dv1jeuJNSxWgotHcTYQW0dgVg5LglBjVc%2FU0oOOaljJF1%2FNRULKXEYd%2Frp6Qq676eqhYtmxmC1hlrbLi4LMnFGRQ5%2F%2Be%2BDohPalGCi08o18vdJ7U%2BQ5g2wEzR8UCjaXfEnVtMArC0Gu4MYNSklQQKryXJB3tYqpOT9SQto9DyA5%2B%2FZf9zogKPupMj%2FvLH25tIlBHU6PueyasR%2BgB1SJdkWQ%3D%3D","environmentVariables":{"FIREBASE_CONFIG":"{\"projectId\":\"ubbjtienda\",\"storageBucket\":\"ubbjtienda.firebasestorage.app\"}","GCLOUD_PROJECT":"ubbjtienda","EVENTARC_CLOUD_EVENT_SOURCE":"projects/ubbjtienda/locations/us-central1/functions/notifySellerOnNewOrder"},"runtime":"nodejs20","buildId":"07ec8c71-4239-4b01-a319-f4c57f115855","buildEnvironmentVariables":{"GOOGLE_NODE_RUN_SCRIPTS":""},"buildName":"projects/156880129521/locations/us-central1/builds/07ec8c71-4239-4b01-a319-f4c57f115855","dockerRegistry":"ARTIFACT_REGISTRY","automaticUpdatePolicy":{},"buildServiceAccount":"projects/ubbjtienda/serviceAccounts/156880129521-compute@developer.gserviceaccount.com"},"versionId":"2","updateTime":"2026-02-14T07:28:51Z","buildId":"d975c381-b930-4928-b51e-1d86cb12b079","buildName":"projects/156880129521/locations/us-central1/builds/d975c381-b930-4928-b51e-1d86cb12b079"}}
[debug] [2026-02-14T07:31:09.101Z] [update-default-us-central1-notifySellerOnNewOrder] Retrying task index 0
[debug] [2026-02-14T07:31:09.102Z] Checked if tokens are valid: true, expires at: 1771057478402
[debug] [2026-02-14T07:31:09.102Z] Checked if tokens are valid: true, expires at: 1771057478402
[debug] [2026-02-14T07:31:09.102Z] >>> [apiv2][query] GET https://cloudfunctions.googleapis.com/v1/operations/dWJianRpZW5kYS91cy1jZW50cmFsMS9ub3RpZnlTZWxsZXJPbk5ld09yZGVyL1FwZU53NHFnV29R [none]
[debug] [2026-02-14T07:31:09.272Z] <<< [apiv2][status] GET https://cloudfunctions.googleapis.com/v1/operations/dWJianRpZW5kYS91cy1jZW50cmFsMS9ub3RpZnlTZWxsZXJPbk5ld09yZGVyL1FwZU53NHFnV29R 200
[debug] [2026-02-14T07:31:09.272Z] <<< [apiv2][body] GET https://cloudfunctions.googleapis.com/v1/operations/dWJianRpZW5kYS91cy1jZW50cmFsMS9ub3RpZnlTZWxsZXJPbk5ld09yZGVyL1FwZU53NHFnV29R {"name":"operations/dWJianRpZW5kYS91cy1jZW50cmFsMS9ub3RpZnlTZWxsZXJPbk5ld09yZGVyL1FwZU53NHFnV29R","metadata":{"@type":"type.googleapis.com/google.cloud.functions.v1.OperationMetadataV1","target":"projects/ubbjtienda/locations/us-central1/functions/notifySellerOnNewOrder","type":"UPDATE_FUNCTION","request":{"@type":"type.googleapis.com/google.cloud.functions.v1.CloudFunction","name":"projects/ubbjtienda/locations/us-central1/functions/notifySellerOnNewOrder","eventTrigger":{"eventType":"providers/cloud.firestore/eventTypes/document.create","resource":"projects/ubbjtienda/databases/(default)/documents/compras/{purchaseId}","service":"firestore.googleapis.com"},"status":"ACTIVE","entryPoint":"notifySellerOnNewOrder","updateTime":"2026-02-13T01:37:52.716Z","versionId":"1","labels":{"deployment-tool":"cli-firebase","firebase-functions-hash":"c6e00443325de3e592750e24613e9e53eea1169c"},"sourceUploadUrl":"https://storage.googleapis.com/uploads-442777830868.us-central1.cloudfunctions.appspot.com/ba27fd71-3c4a-48df-b4a6-39e31aaf8d89.zip?GoogleAccessId=service-156880129521@gcf-admin-robot.iam.gserviceaccount.com&Expires=1771055929&Signature=mkJlB1n7ICfVE1J72yuSiWVu5tztNcJgDeaah5gH35z%2BXD2f83nMY9tR8BumVhbyQ9WnagCEqU5nEnQ0%2BhJPaTuj5EHMYpVagbvSPKJCTY2TiATthyEiigdGKwPU5Z0dv1jeuJNSxWgotHcTYQW0dgVg5LglBjVc%2FU0oOOaljJF1%2FNRULKXEYd%2Frp6Qq676eqhYtmxmC1hlrbLi4LMnFGRQ5%2F%2Be%2BDohPalGCi08o18vdJ7U%2BQ5g2wEzR8UCjaXfEnVtMArC0Gu4MYNSklQQKryXJB3tYqpOT9SQto9DyA5%2B%2FZf9zogKPupMj%2FvLH25tIlBHU6PueyasR%2BgB1SJdkWQ%3D%3D","environmentVariables":{"FIREBASE_CONFIG":"{\"projectId\":\"ubbjtienda\",\"storageBucket\":\"ubbjtienda.firebasestorage.app\"}","GCLOUD_PROJECT":"ubbjtienda","EVENTARC_CLOUD_EVENT_SOURCE":"projects/ubbjtienda/locations/us-central1/functions/notifySellerOnNewOrder"},"runtime":"nodejs20","buildId":"07ec8c71-4239-4b01-a319-f4c57f115855","buildEnvironmentVariables":{"GOOGLE_NODE_RUN_SCRIPTS":""},"buildName":"projects/156880129521/locations/us-central1/builds/07ec8c71-4239-4b01-a319-f4c57f115855","dockerRegistry":"ARTIFACT_REGISTRY","automaticUpdatePolicy":{},"buildServiceAccount":"projects/ubbjtienda/serviceAccounts/156880129521-compute@developer.gserviceaccount.com"},"versionId":"2","updateTime":"2026-02-14T07:28:51Z","buildId":"d975c381-b930-4928-b51e-1d86cb12b079","buildName":"projects/156880129521/locations/us-central1/builds/d975c381-b930-4928-b51e-1d86cb12b079"}}
[debug] [2026-02-14T07:31:19.278Z] [update-default-us-central1-notifySellerOnNewOrder] Retrying task index 0
[debug] [2026-02-14T07:31:19.279Z] Checked if tokens are valid: true, expires at: 1771057478402
[debug] [2026-02-14T07:31:19.279Z] Checked if tokens are valid: true, expires at: 1771057478402
[debug] [2026-02-14T07:31:19.279Z] >>> [apiv2][query] GET https://cloudfunctions.googleapis.com/v1/operations/dWJianRpZW5kYS91cy1jZW50cmFsMS9ub3RpZnlTZWxsZXJPbk5ld09yZGVyL1FwZU53NHFnV29R [none]
[debug] [2026-02-14T07:31:19.481Z] <<< [apiv2][status] GET https://cloudfunctions.googleapis.com/v1/operations/dWJianRpZW5kYS91cy1jZW50cmFsMS9ub3RpZnlTZWxsZXJPbk5ld09yZGVyL1FwZU53NHFnV29R 200
[debug] [2026-02-14T07:31:19.481Z] <<< [apiv2][body] GET https://cloudfunctions.googleapis.com/v1/operations/dWJianRpZW5kYS91cy1jZW50cmFsMS9ub3RpZnlTZWxsZXJPbk5ld09yZGVyL1FwZU53NHFnV29R {"name":"operations/dWJianRpZW5kYS91cy1jZW50cmFsMS9ub3RpZnlTZWxsZXJPbk5ld09yZGVyL1FwZU53NHFnV29R","metadata":{"@type":"type.googleapis.com/google.cloud.functions.v1.OperationMetadataV1","target":"projects/ubbjtienda/locations/us-central1/functions/notifySellerOnNewOrder","type":"UPDATE_FUNCTION","request":{"@type":"type.googleapis.com/google.cloud.functions.v1.CloudFunction","name":"projects/ubbjtienda/locations/us-central1/functions/notifySellerOnNewOrder","eventTrigger":{"eventType":"providers/cloud.firestore/eventTypes/document.create","resource":"projects/ubbjtienda/databases/(default)/documents/compras/{purchaseId}","service":"firestore.googleapis.com"},"status":"ACTIVE","entryPoint":"notifySellerOnNewOrder","updateTime":"2026-02-13T01:37:52.716Z","versionId":"1","labels":{"deployment-tool":"cli-firebase","firebase-functions-hash":"c6e00443325de3e592750e24613e9e53eea1169c"},"sourceUploadUrl":"https://storage.googleapis.com/uploads-442777830868.us-central1.cloudfunctions.appspot.com/ba27fd71-3c4a-48df-b4a6-39e31aaf8d89.zip?GoogleAccessId=service-156880129521@gcf-admin-robot.iam.gserviceaccount.com&Expires=1771055929&Signature=mkJlB1n7ICfVE1J72yuSiWVu5tztNcJgDeaah5gH35z%2BXD2f83nMY9tR8BumVhbyQ9WnagCEqU5nEnQ0%2BhJPaTuj5EHMYpVagbvSPKJCTY2TiATthyEiigdGKwPU5Z0dv1jeuJNSxWgotHcTYQW0dgVg5LglBjVc%2FU0oOOaljJF1%2FNRULKXEYd%2Frp6Qq676eqhYtmxmC1hlrbLi4LMnFGRQ5%2F%2Be%2BDohPalGCi08o18vdJ7U%2BQ5g2wEzR8UCjaXfEnVtMArC0Gu4MYNSklQQKryXJB3tYqpOT9SQto9DyA5%2B%2FZf9zogKPupMj%2FvLH25tIlBHU6PueyasR%2BgB1SJdkWQ%3D%3D","environmentVariables":{"FIREBASE_CONFIG":"{\"projectId\":\"ubbjtienda\",\"storageBucket\":\"ubbjtienda.firebasestorage.app\"}","GCLOUD_PROJECT":"ubbjtienda","EVENTARC_CLOUD_EVENT_SOURCE":"projects/ubbjtienda/locations/us-central1/functions/notifySellerOnNewOrder"},"runtime":"nodejs20","buildId":"07ec8c71-4239-4b01-a319-f4c57f115855","buildEnvironmentVariables":{"GOOGLE_NODE_RUN_SCRIPTS":""},"buildName":"projects/156880129521/locations/us-central1/builds/07ec8c71-4239-4b01-a319-f4c57f115855","dockerRegistry":"ARTIFACT_REGISTRY","automaticUpdatePolicy":{},"buildServiceAccount":"projects/ubbjtienda/serviceAccounts/156880129521-compute@developer.gserviceaccount.com"},"versionId":"2","updateTime":"2026-02-14T07:28:51Z","buildId":"d975c381-b930-4928-b51e-1d86cb12b079","sourceToken":"16c2a714-0031-44a3-ace2-a9bdb84bcf89","buildName":"projects/156880129521/locations/us-central1/builds/d975c381-b930-4928-b51e-1d86cb12b079"}}
[debug] [2026-02-14T07:31:19.481Z] Got source token 16c2a714-0031-44a3-ace2-a9bdb84bcf89 for region us-central1
[debug] [2026-02-14T07:31:19.481Z] Checked if tokens are valid: true, expires at: 1771057478402
[debug] [2026-02-14T07:31:19.481Z] Checked if tokens are valid: true, expires at: 1771057478402
[debug] [2026-02-14T07:31:19.481Z] >>> [apiv2][query] PATCH https://cloudfunctions.googleapis.com/v1/projects/ubbjtienda/locations/us-central1/functions/notifyOnNewMessage updateMask=name%2CsourceUploadUrl%2CentryPoint%2Cruntime%2CdockerRegistry%2Clabels%2CeventTrigger.eventType%2CeventTrigger.resource%2CeventTrigger.failurePolicy%2CminInstances%2CmaxInstances%2CingressSettings%2CenvironmentVariables%2CserviceAccountEmail%2CavailableMemoryMb%2Ctimeout%2CvpcConnector%2CvpcConnectorEgressSettings%2CsourceToken%2CbuildEnvironmentVariables
[debug] [2026-02-14T07:31:19.482Z] >>> [apiv2][body] PATCH https://cloudfunctions.googleapis.com/v1/projects/ubbjtienda/locations/us-central1/functions/notifyOnNewMessage {"name":"projects/ubbjtienda/locations/us-central1/functions/notifyOnNewMessage","sourceUploadUrl":"https://storage.googleapis.com/uploads-442777830868.us-central1.cloudfunctions.appspot.com/ba27fd71-3c4a-48df-b4a6-39e31aaf8d89.zip?GoogleAccessId=service-156880129521@gcf-admin-robot.iam.gserviceaccount.com&Expires=1771055929&Signature=mkJlB1n7ICfVE1J72yuSiWVu5tztNcJgDeaah5gH35z%2BXD2f83nMY9tR8BumVhbyQ9WnagCEqU5nEnQ0%2BhJPaTuj5EHMYpVagbvSPKJCTY2TiATthyEiigdGKwPU5Z0dv1jeuJNSxWgotHcTYQW0dgVg5LglBjVc%2FU0oOOaljJF1%2FNRULKXEYd%2Frp6Qq676eqhYtmxmC1hlrbLi4LMnFGRQ5%2F%2Be%2BDohPalGCi08o18vdJ7U%2BQ5g2wEzR8UCjaXfEnVtMArC0Gu4MYNSklQQKryXJB3tYqpOT9SQto9DyA5%2B%2FZf9zogKPupMj%2FvLH25tIlBHU6PueyasR%2BgB1SJdkWQ%3D%3D","entryPoint":"notifyOnNewMessage","runtime":"nodejs20","dockerRegistry":"ARTIFACT_REGISTRY","labels":{"deployment-tool":"cli-firebase","firebase-functions-hash":"c6e00443325de3e592750e24613e9e53eea1169c"},"eventTrigger":{"eventType":"providers/cloud.firestore/eventTypes/document.create","resource":"projects/ubbjtienda/databases/(default)/documents/mensajes/{messageId}"},"minInstances":null,"maxInstances":null,"ingressSettings":null,"environmentVariables":{"FIREBASE_CONFIG":"{\"projectId\":\"ubbjtienda\",\"storageBucket\":\"ubbjtienda.firebasestorage.app\"}","GCLOUD_PROJECT":"ubbjtienda","EVENTARC_CLOUD_EVENT_SOURCE":"projects/ubbjtienda/locations/us-central1/functions/notifyOnNewMessage"},"serviceAccountEmail":null,"availableMemoryMb":null,"timeout":null,"vpcConnector":null,"vpcConnectorEgressSettings":null,"sourceToken":"16c2a714-0031-44a3-ace2-a9bdb84bcf89","buildEnvironmentVariables":{"GOOGLE_NODE_RUN_SCRIPTS":""}}
[debug] [2026-02-14T07:31:41.716Z] ----------------------------------------------------------------------
[debug] [2026-02-14T07:31:41.719Z] Command:       C:\Program Files\nodejs\node.exe C:\Users\yoels\AppData\Roaming\npm\node_modules\firebase-tools\lib\bin\firebase.js deploy --only functions
[debug] [2026-02-14T07:31:41.719Z] CLI Version:   15.6.0
[debug] [2026-02-14T07:31:41.719Z] Platform:      win32
[debug] [2026-02-14T07:31:41.719Z] Node Version:  v22.15.1
[debug] [2026-02-14T07:31:41.720Z] Time:          Sat Feb 14 2026 01:31:41 GMT-0600 (hora estándar central)
[debug] [2026-02-14T07:31:41.720Z] ----------------------------------------------------------------------
[debug] 
[debug] [2026-02-14T07:31:44.794Z] > command requires scopes: ["email","openid","https://www.googleapis.com/auth/cloudplatformprojects.readonly","https://www.googleapis.com/auth/firebase","https://www.googleapis.com/auth/cloud-platform"]
[debug] [2026-02-14T07:31:44.795Z] > authorizing via signed-in user (yoelskygold@gmail.com)
[debug] [2026-02-14T07:31:44.795Z] [iam] checking project ubbjtienda for permissions ["cloudfunctions.functions.create","cloudfunctions.functions.delete","cloudfunctions.functions.get","cloudfunctions.functions.list","cloudfunctions.functions.update","cloudfunctions.operations.get","firebase.projects.get"]
[debug] [2026-02-14T07:31:44.796Z] Checked if tokens are valid: true, expires at: 1771057478402
[debug] [2026-02-14T07:31:44.796Z] Checked if tokens are valid: true, expires at: 1771057478402
[debug] [2026-02-14T07:31:44.797Z] >>> [apiv2][query] POST https://cloudresourcemanager.googleapis.com/v1/projects/ubbjtienda:testIamPermissions [none]
[debug] [2026-02-14T07:31:44.797Z] >>> [apiv2][(partial)header] POST https://cloudresourcemanager.googleapis.com/v1/projects/ubbjtienda:testIamPermissions  x-goog-user-project=ubbjtienda
[debug] [2026-02-14T07:31:44.797Z] >>> [apiv2][body] POST https://cloudresourcemanager.googleapis.com/v1/projects/ubbjtienda:testIamPermissions {"permissions":["cloudfunctions.functions.create","cloudfunctions.functions.delete","cloudfunctions.functions.get","cloudfunctions.functions.list","cloudfunctions.functions.update","cloudfunctions.operations.get","firebase.projects.get"]}
[debug] [2026-02-14T07:31:45.147Z] <<< [apiv2][status] POST https://cloudresourcemanager.googleapis.com/v1/projects/ubbjtienda:testIamPermissions 200
[debug] [2026-02-14T07:31:45.147Z] <<< [apiv2][body] POST https://cloudresourcemanager.googleapis.com/v1/projects/ubbjtienda:testIamPermissions {"permissions":["cloudfunctions.functions.create","cloudfunctions.functions.delete","cloudfunctions.functions.get","cloudfunctions.functions.list","cloudfunctions.functions.update","cloudfunctions.operations.get","firebase.projects.get"]}
[debug] [2026-02-14T07:31:45.147Z] Checked if tokens are valid: true, expires at: 1771057478402
[debug] [2026-02-14T07:31:45.147Z] Checked if tokens are valid: true, expires at: 1771057478402
[debug] [2026-02-14T07:31:45.147Z] >>> [apiv2][query] POST https://iam.googleapis.com/v1/projects/ubbjtienda/serviceAccounts/ubbjtienda@appspot.gserviceaccount.com:testIamPermissions [none]
[debug] [2026-02-14T07:31:45.147Z] >>> [apiv2][body] POST https://iam.googleapis.com/v1/projects/ubbjtienda/serviceAccounts/ubbjtienda@appspot.gserviceaccount.com:testIamPermissions {"permissions":["iam.serviceAccounts.actAs"]}
[debug] [2026-02-14T07:31:45.455Z] <<< [apiv2][status] POST https://iam.googleapis.com/v1/projects/ubbjtienda/serviceAccounts/ubbjtienda@appspot.gserviceaccount.com:testIamPermissions 200
[debug] [2026-02-14T07:31:45.455Z] <<< [apiv2][body] POST https://iam.googleapis.com/v1/projects/ubbjtienda/serviceAccounts/ubbjtienda@appspot.gserviceaccount.com:testIamPermissions {"permissions":["iam.serviceAccounts.actAs"]}
[info] 
[info] === Deploying to 'ubbjtienda'...
[info] 
[info] i  deploying functions 
[debug] [2026-02-14T07:31:45.458Z] Checked if tokens are valid: true, expires at: 1771057478402
[debug] [2026-02-14T07:31:45.458Z] Checked if tokens are valid: true, expires at: 1771057478402
[debug] [2026-02-14T07:31:45.458Z] >>> [apiv2][query] GET https://cloudresourcemanager.googleapis.com/v1/projects/ubbjtienda [none]
[debug] [2026-02-14T07:31:45.554Z] <<< [apiv2][status] GET https://cloudresourcemanager.googleapis.com/v1/projects/ubbjtienda 200
[debug] [2026-02-14T07:31:45.554Z] <<< [apiv2][body] GET https://cloudresourcemanager.googleapis.com/v1/projects/ubbjtienda {"projectNumber":"156880129521","projectId":"ubbjtienda","lifecycleState":"ACTIVE","name":"ubbjtienda","labels":{"firebase":"enabled","firebase-core":"disabled"},"createTime":"2026-02-11T05:08:03.328623Z"}
[info] i  functions: preparing codebase default for deployment 
[info] i  functions: ensuring required API cloudfunctions.googleapis.com is enabled... 
[info] i  functions: ensuring required API cloudbuild.googleapis.com is enabled... 
[info] i  artifactregistry: ensuring required API artifactregistry.googleapis.com is enabled... 
[debug] [2026-02-14T07:31:45.556Z] Checked if tokens are valid: true, expires at: 1771057478402
[debug] [2026-02-14T07:31:45.556Z] Checked if tokens are valid: true, expires at: 1771057478402
[debug] [2026-02-14T07:31:45.556Z] >>> [apiv2][query] GET https://firebase.googleapis.com/v1beta1/projects/ubbjtienda/adminSdkConfig [none]
[debug] [2026-02-14T07:31:45.820Z] <<< [apiv2][status] GET https://firebase.googleapis.com/v1beta1/projects/ubbjtienda/adminSdkConfig 200
[debug] [2026-02-14T07:31:45.820Z] <<< [apiv2][body] GET https://firebase.googleapis.com/v1beta1/projects/ubbjtienda/adminSdkConfig {"projectId":"ubbjtienda","storageBucket":"ubbjtienda.firebasestorage.app"}
[debug] [2026-02-14T07:31:45.821Z] Checked if tokens are valid: true, expires at: 1771057478402
[debug] [2026-02-14T07:31:45.821Z] Checked if tokens are valid: true, expires at: 1771057478402
[debug] [2026-02-14T07:31:45.821Z] >>> [apiv2][query] GET https://runtimeconfig.googleapis.com/v1beta1/projects/ubbjtienda/configs [none]
[debug] [2026-02-14T07:31:46.056Z] <<< [apiv2][status] GET https://runtimeconfig.googleapis.com/v1beta1/projects/ubbjtienda/configs 200
[debug] [2026-02-14T07:31:46.056Z] <<< [apiv2][body] GET https://runtimeconfig.googleapis.com/v1beta1/projects/ubbjtienda/configs {}
[debug] [2026-02-14T07:31:46.058Z] Validating nodejs source
[warn] !  functions: Runtime Node.js 20 will be deprecated on 2026-04-30 and will be decommissioned on 2026-10-30, after which you will not be able to deploy without upgrading. Consider upgrading now to avoid disruption. See https://cloud.google.com/functions/docs/runtime-support for full details on the lifecycle policy 
[warn] !  functions: package.json indicates an outdated version of firebase-functions. Please upgrade using npm install --save firebase-functions@latest in your functions directory. 
[warn] !  functions: Please note that there will be breaking changes when you upgrade. 
[debug] [2026-02-14T07:31:47.272Z] > [functions] package.json contents: {
  "name": "ubbj-tienda-functions",
  "description": "Cloud Functions para notificaciones push de UBBJ Tienda",
  "scripts": {
    "serve": "firebase emulators:start --only functions",
    "shell": "firebase functions:shell",
    "start": "npm run shell",
    "deploy": "firebase deploy --only functions",
    "logs": "firebase functions:log"
  },
  "engines": {
    "node": "20"
  },
  "main": "index.js",
  "dependencies": {
    "firebase-admin": "^12.0.0",
    "firebase-functions": "^4.9.0"
  },
  "private": true
}
[debug] [2026-02-14T07:31:47.272Z] Building nodejs source
[info] i  functions: Loading and analyzing source code for codebase default to determine what to deploy 
[info] i  functions: You are using a version of firebase-functions SDK (4.9.0) that does not have support for the newest Firebase Extensions features. Please update firebase-functions SDK to >=5.1.0 to use them correctly 
[debug] [2026-02-14T07:31:47.273Z] Could not find functions.yaml. Must use http discovery
[debug] [2026-02-14T07:31:47.282Z] Found firebase-functions binary at 'C:\Users\yoels\OneDrive\Escritorio\ubbjtienda\functions\node_modules\.bin\firebase-functions'
[info] Serving at port 8600

[debug] [2026-02-14T07:31:48.268Z] Got response from /__/functions.yaml {"endpoints":{"notifyClientOnOrderUpdate":{"platform":"gcfv1","availableMemoryMb":null,"timeoutSeconds":null,"minInstances":null,"maxInstances":null,"ingressSettings":null,"serviceAccountEmail":null,"vpc":null,"eventTrigger":{"eventType":"providers/cloud.firestore/eventTypes/document.update","eventFilters":{"resource":"projects/ubbjtienda/databases/(default)/documents/compras/{purchaseId}"},"retry":false},"labels":{},"entryPoint":"notifyClientOnOrderUpdate"},"notifySellerOnNewOrder":{"platform":"gcfv1","availableMemoryMb":null,"timeoutSeconds":null,"minInstances":null,"maxInstances":null,"ingressSettings":null,"serviceAccountEmail":null,"vpc":null,"eventTrigger":{"eventType":"providers/cloud.firestore/eventTypes/document.create","eventFilters":{"resource":"projects/ubbjtienda/databases/(default)/documents/compras/{purchaseId}"},"retry":false},"labels":{},"entryPoint":"notifySellerOnNewOrder"},"notifyOnNewMessage":{"platform":"gcfv1","availableMemoryMb":null,"timeoutSeconds":null,"minInstances":null,"maxInstances":null,"ingressSettings":null,"serviceAccountEmail":null,"vpc":null,"eventTrigger":{"eventType":"providers/cloud.firestore/eventTypes/document.create","eventFilters":{"resource":"projects/ubbjtienda/databases/(default)/documents/mensajes/{messageId}"},"retry":false},"labels":{},"entryPoint":"notifyOnNewMessage"}},"specVersion":"v1alpha1","requiredAPIs":[]}
[info] i  functions: preparing functions directory for uploading... 
[info] i  functions: packaged C:\Users\yoels\OneDrive\Escritorio\ubbjtienda\functions (31.04 KB) for uploading 
[debug] [2026-02-14T07:31:52.327Z] Checked if tokens are valid: true, expires at: 1771057478402
[debug] [2026-02-14T07:31:52.327Z] Checked if tokens are valid: true, expires at: 1771057478402
[debug] [2026-02-14T07:31:52.327Z] >>> [apiv2][query] GET https://cloudfunctions.googleapis.com/v1/projects/ubbjtienda/locations/-/functions [none]
[debug] [2026-02-14T07:31:52.875Z] <<< [apiv2][status] GET https://cloudfunctions.googleapis.com/v1/projects/ubbjtienda/locations/-/functions 200
[debug] [2026-02-14T07:31:52.875Z] <<< [apiv2][body] GET https://cloudfunctions.googleapis.com/v1/projects/ubbjtienda/locations/-/functions {"functions":[{"name":"projects/ubbjtienda/locations/us-central1/functions/notifyOnNewMessage","eventTrigger":{"eventType":"providers/cloud.firestore/eventTypes/document.create","resource":"projects/ubbjtienda/databases/(default)/documents/mensajes/{messageId}","service":"firestore.googleapis.com","failurePolicy":{}},"status":"ACTIVE","entryPoint":"notifyOnNewMessage","timeout":"60s","availableMemoryMb":256,"serviceAccountEmail":"ubbjtienda@appspot.gserviceaccount.com","updateTime":"2026-02-14T07:30:05.780Z","versionId":"2","labels":{"deployment-tool":"cli-firebase","firebase-functions-hash":"c6e00443325de3e592750e24613e9e53eea1169c"},"sourceUploadUrl":"https://storage.googleapis.com/uploads-442777830868.us-central1.cloudfunctions.appspot.com/ba27fd71-3c4a-48df-b4a6-39e31aaf8d89.zip","environmentVariables":{"FIREBASE_CONFIG":"{\"projectId\":\"ubbjtienda\",\"storageBucket\":\"ubbjtienda.firebasestorage.app\"}","GCLOUD_PROJECT":"ubbjtienda","EVENTARC_CLOUD_EVENT_SOURCE":"projects/ubbjtienda/locations/us-central1/functions/notifyOnNewMessage"},"runtime":"nodejs20","maxInstances":3000,"ingressSettings":"ALLOW_ALL","buildId":"d975c381-b930-4928-b51e-1d86cb12b079","buildEnvironmentVariables":{"GOOGLE_NODE_RUN_SCRIPTS":""},"buildName":"projects/156880129521/locations/us-central1/builds/d975c381-b930-4928-b51e-1d86cb12b079","dockerRegistry":"ARTIFACT_REGISTRY","automaticUpdatePolicy":{},"buildServiceAccount":"projects/ubbjtienda/serviceAccounts/156880129521-compute@developer.gserviceaccount.com","satisfiesPzi":true},{"name":"projects/ubbjtienda/locations/us-central1/functions/notifySellerOnNewOrder","eventTrigger":{"eventType":"providers/cloud.firestore/eventTypes/document.create","resource":"projects/ubbjtienda/databases/(default)/documents/compras/{purchaseId}","service":"firestore.googleapis.com","failurePolicy":{}},"status":"ACTIVE","entryPoint":"notifySellerOnNewOrder","timeout":"60s","availableMemoryMb":256,"serviceAccountEmail":"ubbjtienda@appspot.gserviceaccount.com","updateTime":"2026-02-14T07:30:07.716Z","versionId":"2","labels":{"deployment-tool":"cli-firebase","firebase-functions-hash":"c6e00443325de3e592750e24613e9e53eea1169c"},"sourceUploadUrl":"https://storage.googleapis.com/uploads-442777830868.us-central1.cloudfunctions.appspot.com/ba27fd71-3c4a-48df-b4a6-39e31aaf8d89.zip","environmentVariables":{"FIREBASE_CONFIG":"{\"projectId\":\"ubbjtienda\",\"storageBucket\":\"ubbjtienda.firebasestorage.app\"}","GCLOUD_PROJECT":"ubbjtienda","EVENTARC_CLOUD_EVENT_SOURCE":"projects/ubbjtienda/locations/us-central1/functions/notifySellerOnNewOrder"},"runtime":"nodejs20","maxInstances":3000,"ingressSettings":"ALLOW_ALL","buildId":"d975c381-b930-4928-b51e-1d86cb12b079","buildEnvironmentVariables":{"GOOGLE_NODE_RUN_SCRIPTS":""},"buildName":"projects/156880129521/locations/us-central1/builds/d975c381-b930-4928-b51e-1d86cb12b079","dockerRegistry":"ARTIFACT_REGISTRY","automaticUpdatePolicy":{},"buildServiceAccount":"projects/ubbjtienda/serviceAccounts/156880129521-compute@developer.gserviceaccount.com","satisfiesPzi":true},{"name":"projects/ubbjtienda/locations/us-central1/functions/notifyClientOnOrderUpdate","eventTrigger":{"eventType":"providers/cloud.firestore/eventTypes/document.update","resource":"projects/ubbjtienda/databases/(default)/documents/compras/{purchaseId}","service":"firestore.googleapis.com","failurePolicy":{}},"status":"ACTIVE","entryPoint":"notifyClientOnOrderUpdate","timeout":"60s","availableMemoryMb":256,"serviceAccountEmail":"ubbjtienda@appspot.gserviceaccount.com","updateTime":"2026-02-14T07:25:50.428Z","versionId":"5","labels":{"deployment-tool":"cli-firebase","firebase-functions-hash":"c6e00443325de3e592750e24613e9e53eea1169c"},"sourceUploadUrl":"https://storage.googleapis.com/uploads-442777830868.us-central1.cloudfunctions.appspot.com/a6bd13c4-3e6d-43b3-8072-27291b5732bc.zip","environmentVariables":{"FIREBASE_CONFIG":"{\"projectId\":\"ubbjtienda\",\"storageBucket\":\"ubbjtienda.firebasestorage.app\"}","GCLOUD_PROJECT":"ubbjtienda","EVENTARC_CLOUD_EVENT_SOURCE":"projects/ubbjtienda/locations/us-central1/functions/notifyClientOnOrderUpdate"},"runtime":"nodejs20","maxInstances":3000,"ingressSettings":"ALLOW_ALL","buildId":"fd8aad15-73ec-4aa0-b818-0b904360dfd3","buildEnvironmentVariables":{"GOOGLE_NODE_RUN_SCRIPTS":""},"buildName":"projects/156880129521/locations/us-central1/builds/fd8aad15-73ec-4aa0-b818-0b904360dfd3","dockerRegistry":"ARTIFACT_REGISTRY","automaticUpdatePolicy":{},"buildServiceAccount":"projects/ubbjtienda/serviceAccounts/156880129521-compute@developer.gserviceaccount.com","satisfiesPzi":true}]}
[debug] [2026-02-14T07:31:52.875Z] Checked if tokens are valid: true, expires at: 1771057478402
[debug] [2026-02-14T07:31:52.875Z] Checked if tokens are valid: true, expires at: 1771057478402
[debug] [2026-02-14T07:31:52.876Z] >>> [apiv2][query] GET https://cloudfunctions.googleapis.com/v2/projects/ubbjtienda/locations/-/functions filter=environment%3D%22GEN_2%22
[debug] [2026-02-14T07:31:53.235Z] <<< [apiv2][status] GET https://cloudfunctions.googleapis.com/v2/projects/ubbjtienda/locations/-/functions 200
[debug] [2026-02-14T07:31:53.235Z] <<< [apiv2][body] GET https://cloudfunctions.googleapis.com/v2/projects/ubbjtienda/locations/-/functions {}
[debug] [2026-02-14T07:31:53.238Z] Checked if tokens are valid: true, expires at: 1771057478402
[debug] [2026-02-14T07:31:53.239Z] Checked if tokens are valid: true, expires at: 1771057478402
[debug] [2026-02-14T07:31:53.239Z] >>> [apiv2][query] GET https://cloudresourcemanager.googleapis.com/v1/projects/ubbjtienda [none]
[debug] [2026-02-14T07:31:53.551Z] <<< [apiv2][status] GET https://cloudresourcemanager.googleapis.com/v1/projects/ubbjtienda 200
[debug] [2026-02-14T07:31:53.552Z] <<< [apiv2][body] GET https://cloudresourcemanager.googleapis.com/v1/projects/ubbjtienda {"projectNumber":"156880129521","projectId":"ubbjtienda","lifecycleState":"ACTIVE","name":"ubbjtienda","labels":{"firebase":"enabled","firebase-core":"disabled"},"createTime":"2026-02-11T05:08:03.328623Z"}
[info] i  functions: Skipping the deploy of unchanged functions. 
[info] +  functions[notifyClientOnOrderUpdate(us-central1)] Skipped (No changes detected) 
[info] +  functions[notifySellerOnNewOrder(us-central1)] Skipped (No changes detected) 
[info] +  functions[notifyOnNewMessage(us-central1)] Skipped (No changes detected) 
[debug] [2026-02-14T07:31:53.555Z] Total Function Deployment time: 0
[debug] [2026-02-14T07:31:53.555Z] 0 Functions Deployed
[debug] [2026-02-14T07:31:53.555Z] 0 Functions Errored
[debug] [2026-02-14T07:31:53.555Z] 0 Function Deployments Aborted
[debug] [2026-02-14T07:31:53.555Z] Average Function Deployment time: NaN
[debug] [2026-02-14T07:31:53.555Z] Checked if tokens are valid: true, expires at: 1771057478402
[debug] [2026-02-14T07:31:53.555Z] Checked if tokens are valid: true, expires at: 1771057478402
[debug] [2026-02-14T07:31:53.555Z] >>> [apiv2][query] GET https://artifactregistry.googleapis.com/v1/projects/ubbjtienda/locations/us-central1/repositories/gcf-artifacts [none]
[debug] [2026-02-14T07:31:53.840Z] <<< [apiv2][status] GET https://artifactregistry.googleapis.com/v1/projects/ubbjtienda/locations/us-central1/repositories/gcf-artifacts 200
[debug] [2026-02-14T07:31:53.840Z] <<< [apiv2][body] GET https://artifactregistry.googleapis.com/v1/projects/ubbjtienda/locations/us-central1/repositories/gcf-artifacts {"name":"projects/ubbjtienda/locations/us-central1/repositories/gcf-artifacts","format":"DOCKER","description":"This repository is created and used by Cloud Functions for storing function docker images.","labels":{"goog-managed-by":"cloudfunctions"},"createTime":"2026-02-13T01:34:31.578710Z","updateTime":"2026-02-14T07:29:26.555498Z","mode":"STANDARD_REPOSITORY","sizeBytes":"557006454","vulnerabilityScanningConfig":{"lastEnableTime":"2026-02-13T01:34:20.729390797Z","enablementState":"SCANNING_DISABLED","enablementStateReason":"API containerscanning.googleapis.com is not enabled."},"satisfiesPzi":true,"registryUri":"us-central1-docker.pkg.dev/ubbjtienda/gcf-artifacts"}
[warn] !  functions: No cleanup policy detected for repositories in us-central1. This may result in a small monthly bill as container images accumulate over time. 
[debug] [2026-02-14T07:32:31.530Z] ExitPromptError: User force closed the prompt with SIGINT
    at Interface.sigint (C:\Users\yoels\AppData\Roaming\npm\node_modules\firebase-tools\node_modules\@inquirer\core\dist\commonjs\lib\create-prompt.js:101:37)
    at Interface.emit (node:events:518:28)
    at [_ttyWrite] [as _ttyWrite] (node:internal/readline/interface:1128:18)
    at ReadStream.onkeypress (node:internal/readline/interface:267:20)
    at ReadStream.emit (node:events:530:35)
    at emitKeys (node:internal/readline/utils:370:14)
    at emitKeys.next (<anonymous>)
    at ReadStream.onData (node:internal/readline/emitKeypressEvents:64:36)
    at ReadStream.emit (node:events:518:28)
    at addChunk (node:internal/streams/readable:561:12)
[error] 
[error] Error: An unexpected error has occurred.
